# JRE version: Java(TM) SE Runtime Environment (8.0_291-b10) (build 1.8.0_291-b10)
# Java VM: Java HotSpot(TM) 64-Bit Server VM (25.291-b10 mixed mode windows-amd64 compressed oops)
Heap:
 PSYoungGen      total 667136K, used 411343K [0x000000076ab00000, 0x0000000798880000, 0x00000007c0000000)
  eden space 587264K, 67% used [0x000000076ab00000,0x0000000782f56040,0x000000078e880000)
  from space 79872K, 17% used [0x0000000793a80000,0x00000007947dde78,0x0000000798880000)
  to   space 81920K, 0% used [0x000000078e880000,0x000000078e880000,0x0000000793880000)
 ParOldGen       total 275456K, used 152840K [0x00000006c0000000, 0x00000006d0d00000, 0x000000076ab00000)
  object space 275456K, 55% used [0x00000006c0000000,0x00000006c9542338,0x00000006d0d00000)
 Metaspace       used 115696K, capacity 121734K, committed 123264K, reserved 1157120K
  class space    used 14997K, capacity 16124K, committed 16512K, reserved 1048576K
GC Heap History (10 events):
Event: 1170.318 GC heap before
{Heap before GC invocations=37 (full 5):
 PSYoungGen      total 575488K, used 493568K [0x000000076ab00000, 0x0000000798b80000, 0x00000007c0000000)
  eden space 493568K, 100% used [0x000000076ab00000,0x0000000788d00000,0x0000000788d00000)
  from space 81920K, 0% used [0x0000000788d00000,0x0000000788d00000,0x000000078dd00000)
  to   space 82944K, 0% used [0x0000000793a80000,0x0000000793a80000,0x0000000798b80000)
 ParOldGen       total 275456K, used 133471K [0x00000006c0000000, 0x00000006d0d00000, 0x000000076ab00000)
  object space 275456K, 48% used [0x00000006c0000000,0x00000006c8257c48,0x00000006d0d00000)
 Metaspace       used 115603K, capacity 121642K, committed 123264K, reserved 1157120K
  class space    used 14994K, capacity 16122K, committed 16512K, reserved 1048576K
Event: 1170.339 GC heap after
Heap after GC invocations=37 (full 5):
 PSYoungGen      total 667136K, used 6575K [0x000000076ab00000, 0x0000000798880000, 0x00000007c0000000)
  eden space 587264K, 0% used [0x000000076ab00000,0x000000076ab00000,0x000000078e880000)
  from space 79872K, 8% used [0x0000000793a80000,0x00000007940ebde8,0x0000000798880000)
  to   space 81920K, 0% used [0x000000078e880000,0x000000078e880000,0x0000000793880000)
 ParOldGen       total 275456K, used 133471K [0x00000006c0000000, 0x00000006d0d00000, 0x000000076ab00000)
  object space 275456K, 48% used [0x00000006c0000000,0x00000006c8257c48,0x00000006d0d00000)
 Metaspace       used 115603K, capacity 121642K, committed 123264K, reserved 1157120K
  class space    used 14994K, capacity 16122K, committed 16512K, reserved 1048576K
}
Event: 1171.591 GC heap before
{Heap before GC invocations=38 (full 5):
 PSYoungGen      total 667136K, used 593839K [0x000000076ab00000, 0x0000000798880000, 0x00000007c0000000)
  eden space 587264K, 100% used [0x000000076ab00000,0x000000078e880000,0x000000078e880000)
  from space 79872K, 8% used [0x0000000793a80000,0x00000007940ebde8,0x0000000798880000)
  to   space 81920K, 0% used [0x000000078e880000,0x000000078e880000,0x0000000793880000)
 ParOldGen       total 275456K, used 133471K [0x00000006c0000000, 0x00000006d0d00000, 0x000000076ab00000)
  object space 275456K, 48% used [0x00000006c0000000,0x00000006c8257c48,0x00000006d0d00000)
 Metaspace       used 115620K, capacity 121642K, committed 123264K, reserved 1157120K
  class space    used 14994K, capacity 16122K, committed 16512K, reserved 1048576K
Event: 1171.652 GC heap after
Heap after GC invocations=38 (full 5):
 PSYoungGen      total 669184K, used 6479K [0x000000076ab00000, 0x0000000798880000, 0x00000007c0000000)
  eden space 587264K, 0% used [0x000000076ab00000,0x000000076ab00000,0x000000078e880000)
  from space 81920K, 7% used [0x000000078e880000,0x000000078eed3da0,0x0000000793880000)
  to   space 79872K, 0% used [0x0000000793a80000,0x0000000793a80000,0x0000000798880000)
 ParOldGen       total 275456K, used 138239K [0x00000006c0000000, 0x00000006d0d00000, 0x000000076ab00000)
  object space 275456K, 50% used [0x00000006c0000000,0x00000006c86ffc18,0x00000006d0d00000)
 Metaspace       used 115620K, capacity 121642K, committed 123264K, reserved 1157120K
  class space    used 14994K, capacity 16122K, committed 16512K, reserved 1048576K
}
Event: 1172.782 GC heap before
{Heap before GC invocations=39 (full 5):
 PSYoungGen      total 669184K, used 593743K [0x000000076ab00000, 0x0000000798880000, 0x00000007c0000000)
  eden space 587264K, 100% used [0x000000076ab00000,0x000000078e880000,0x000000078e880000)
  from space 81920K, 7% used [0x000000078e880000,0x000000078eed3da0,0x0000000793880000)
  to   space 79872K, 0% used [0x0000000793a80000,0x0000000793a80000,0x0000000798880000)
 ParOldGen       total 275456K, used 138239K [0x00000006c0000000, 0x00000006d0d00000, 0x000000076ab00000)
  object space 275456K, 50% used [0x00000006c0000000,0x00000006c86ffc18,0x00000006d0d00000)
 Metaspace       used 115643K, capacity 121710K, committed 123264K, reserved 1157120K
  class space    used 14996K, capacity 16122K, committed 16512K, reserved 1048576K
Event: 1172.830 GC heap after
Heap after GC invocations=39 (full 5):
 PSYoungGen      total 667136K, used 6592K [0x000000076ab00000, 0x0000000798880000, 0x00000007c0000000)
  eden space 587264K, 0% used [0x000000076ab00000,0x000000076ab00000,0x000000078e880000)
  from space 79872K, 8% used [0x0000000793a80000,0x00000007940f0000,0x0000000798880000)
  to   space 81920K, 0% used [0x000000078e880000,0x000000078e880000,0x0000000793880000)
 ParOldGen       total 275456K, used 143046K [0x00000006c0000000, 0x00000006d0d00000, 0x000000076ab00000)
  object space 275456K, 51% used [0x00000006c0000000,0x00000006c8bb19b8,0x00000006d0d00000)
 Metaspace       used 115643K, capacity 121710K, committed 123264K, reserved 1157120K
  class space    used 14996K, capacity 16122K, committed 16512K, reserved 1048576K
}
Event: 1174.037 GC heap before
{Heap before GC invocations=40 (full 5):
 PSYoungGen      total 667136K, used 593856K [0x000000076ab00000, 0x0000000798880000, 0x00000007c0000000)
  eden space 587264K, 100% used [0x000000076ab00000,0x000000078e880000,0x000000078e880000)
  from space 79872K, 8% used [0x0000000793a80000,0x00000007940f0000,0x0000000798880000)
  to   space 81920K, 0% used [0x000000078e880000,0x000000078e880000,0x0000000793880000)
 ParOldGen       total 275456K, used 143046K [0x00000006c0000000, 0x00000006d0d00000, 0x000000076ab00000)
  object space 275456K, 51% used [0x00000006c0000000,0x00000006c8bb19b8,0x00000006d0d00000)
 Metaspace       used 115664K, capacity 121710K, committed 123264K, reserved 1157120K
  class space    used 14996K, capacity 16122K, committed 16512K, reserved 1048576K
Event: 1174.096 GC heap after
Heap after GC invocations=40 (full 5):
 PSYoungGen      total 669184K, used 5614K [0x000000076ab00000, 0x0000000798880000, 0x00000007c0000000)
  eden space 587264K, 0% used [0x000000076ab00000,0x000000076ab00000,0x000000078e880000)
  from space 81920K, 6% used [0x000000078e880000,0x000000078edfbb80,0x0000000793880000)
  to   space 79872K, 0% used [0x0000000793a80000,0x0000000793a80000,0x0000000798880000)
 ParOldGen       total 275456K, used 148429K [0x00000006c0000000, 0x00000006d0d00000, 0x000000076ab00000)
  object space 275456K, 53% used [0x00000006c0000000,0x00000006c90f36d0,0x00000006d0d00000)
 Metaspace       used 115664K, capacity 121710K, committed 123264K, reserved 1157120K
  class space    used 14996K, capacity 16122K, committed 16512K, reserved 1048576K
}
Event: 1175.212 GC heap before
{Heap before GC invocations=41 (full 5):
 PSYoungGen      total 669184K, used 592878K [0x000000076ab00000, 0x0000000798880000, 0x00000007c0000000)
  eden space 587264K, 100% used [0x000000076ab00000,0x000000078e880000,0x000000078e880000)
  from space 81920K, 6% used [0x000000078e880000,0x000000078edfbb80,0x0000000793880000)
  to   space 79872K, 0% used [0x0000000793a80000,0x0000000793a80000,0x0000000798880000)
 ParOldGen       total 275456K, used 148429K [0x00000006c0000000, 0x00000006d0d00000, 0x000000076ab00000)
  object space 275456K, 53% used [0x00000006c0000000,0x00000006c90f36d0,0x00000006d0d00000)
 Metaspace       used 115691K, capacity 121734K, committed 123264K, reserved 1157120K
  class space    used 14997K, capacity 16124K, committed 16512K, reserved 1048576K
Event: 1175.429 GC heap after
Heap after GC invocations=41 (full 5):
 PSYoungGen      total 667136K, used 13687K [0x000000076ab00000, 0x0000000798880000, 0x00000007c0000000)
  eden space 587264K, 0% used [0x000000076ab00000,0x000000076ab00000,0x000000078e880000)
  from space 79872K, 17% used [0x0000000793a80000,0x00000007947dde78,0x0000000798880000)
  to   space 81920K, 0% used [0x000000078e880000,0x000000078e880000,0x0000000793880000)
 ParOldGen       total 275456K, used 152840K [0x00000006c0000000, 0x00000006d0d00000, 0x000000076ab00000)
  object space 275456K, 55% used [0x00000006c0000000,0x00000006c9542338,0x00000006d0d00000)
 Metaspace       used 115691K, capacity 121734K, committed 123264K, reserved 1157120K
  class space    used 14997K, capacity 16124K, committed 16512K, reserved 1048576K
}

