# JRE version: Java(TM) SE Runtime Environment (8.0_291-b10) (build 1.8.0_291-b10)
# Java VM: Java HotSpot(TM) 64-Bit Server VM (25.291-b10 mixed mode windows-amd64 compressed oops)
Heap:
 PSYoungGen      total 338432K, used 37654K [0x000000076ab00000, 0x000000078a080000, 0x00000007c0000000)
  eden space 304640K, 12% used [0x000000076ab00000,0x000000076cfc58e8,0x000000077d480000)
  from space 33792K, 0% used [0x000000077d480000,0x000000077d480000,0x000000077f580000)
  to   space 60928K, 0% used [0x0000000786500000,0x0000000786500000,0x000000078a080000)
 ParOldGen       total 158208K, used 157735K [0x00000006c0000000, 0x00000006c9a80000, 0x000000076ab00000)
  object space 158208K, 99% used [0x00000006c0000000,0x00000006c9a09ef8,0x00000006c9a80000)
 Metaspace       used 94427K, capacity 99552K, committed 99968K, reserved 1134592K
  class space    used 12761K, capacity 13837K, committed 13952K, reserved 1048576K
GC Heap History (10 events):
Event: 356.223 GC heap before
{Heap before GC invocations=24 (full 3):
 PSYoungGen      total 294400K, used 294395K [0x000000076ab00000, 0x000000077f300000, 0x00000007c0000000)
  eden space 266240K, 100% used [0x000000076ab00000,0x000000077af00000,0x000000077af00000)
  from space 28160K, 99% used [0x000000077d000000,0x000000077eb7ef20,0x000000077eb80000)
  to   space 33792K, 0% used [0x000000077af00000,0x000000077af00000,0x000000077d000000)
 ParOldGen       total 95744K, used 68728K [0x00000006c0000000, 0x00000006c5d80000, 0x000000076ab00000)
  object space 95744K, 71% used [0x00000006c0000000,0x00000006c431e178,0x00000006c5d80000)
 Metaspace       used 90332K, capacity 95446K, committed 95616K, reserved 1132544K
  class space    used 12136K, capacity 13156K, committed 13184K, reserved 1048576K
Event: 356.329 GC heap after
Heap after GC invocations=24 (full 3):
 PSYoungGen      total 300032K, used 23281K [0x000000076ab00000, 0x0000000781900000, 0x00000007c0000000)
  eden space 266240K, 0% used [0x000000076ab00000,0x000000076ab00000,0x000000077af00000)
  from space 33792K, 68% used [0x000000077af00000,0x000000077c5bc5a0,0x000000077d000000)
  to   space 35840K, 0% used [0x000000077f600000,0x000000077f600000,0x0000000781900000)
 ParOldGen       total 96256K, used 96174K [0x00000006c0000000, 0x00000006c5e00000, 0x000000076ab00000)
  object space 96256K, 99% used [0x00000006c0000000,0x00000006c5debba8,0x00000006c5e00000)
 Metaspace       used 90332K, capacity 95446K, committed 95616K, reserved 1132544K
  class space    used 12136K, capacity 13156K, committed 13184K, reserved 1048576K
}
Event: 356.329 GC heap before
{Heap before GC invocations=25 (full 4):
 PSYoungGen      total 300032K, used 23281K [0x000000076ab00000, 0x0000000781900000, 0x00000007c0000000)
  eden space 266240K, 0% used [0x000000076ab00000,0x000000076ab00000,0x000000077af00000)
  from space 33792K, 68% used [0x000000077af00000,0x000000077c5bc5a0,0x000000077d000000)
  to   space 35840K, 0% used [0x000000077f600000,0x000000077f600000,0x0000000781900000)
 ParOldGen       total 96256K, used 96174K [0x00000006c0000000, 0x00000006c5e00000, 0x000000076ab00000)
  object space 96256K, 99% used [0x00000006c0000000,0x00000006c5debba8,0x00000006c5e00000)
 Metaspace       used 90332K, capacity 95446K, committed 95616K, reserved 1132544K
  class space    used 12136K, capacity 13156K, committed 13184K, reserved 1048576K
Event: 357.202 GC heap after
Heap after GC invocations=25 (full 4):
 PSYoungGen      total 300032K, used 0K [0x000000076ab00000, 0x0000000781900000, 0x00000007c0000000)
  eden space 266240K, 0% used [0x000000076ab00000,0x000000076ab00000,0x000000077af00000)
  from space 33792K, 0% used [0x000000077af00000,0x000000077af00000,0x000000077d000000)
  to   space 35840K, 0% used [0x000000077f600000,0x000000077f600000,0x0000000781900000)
 ParOldGen       total 158208K, used 73763K [0x00000006c0000000, 0x00000006c9a80000, 0x000000076ab00000)
  object space 158208K, 46% used [0x00000006c0000000,0x00000006c4808c88,0x00000006c9a80000)
 Metaspace       used 90104K, capacity 94772K, committed 95616K, reserved 1132544K
  class space    used 12060K, capacity 13025K, committed 13184K, reserved 1048576K
}
Event: 364.538 GC heap before
{Heap before GC invocations=26 (full 4):
 PSYoungGen      total 300032K, used 266240K [0x000000076ab00000, 0x0000000781900000, 0x00000007c0000000)
  eden space 266240K, 100% used [0x000000076ab00000,0x000000077af00000,0x000000077af00000)
  from space 33792K, 0% used [0x000000077af00000,0x000000077af00000,0x000000077d000000)
  to   space 35840K, 0% used [0x000000077f600000,0x000000077f600000,0x0000000781900000)
 ParOldGen       total 158208K, used 73763K [0x00000006c0000000, 0x00000006c9a80000, 0x000000076ab00000)
  object space 158208K, 46% used [0x00000006c0000000,0x00000006c4808c88,0x00000006c9a80000)
 Metaspace       used 91558K, capacity 96412K, committed 97152K, reserved 1132544K
  class space    used 12262K, capacity 13249K, committed 13440K, reserved 1048576K
Event: 364.570 GC heap after
Heap after GC invocations=26 (full 4):
 PSYoungGen      total 337920K, used 14860K [0x000000076ab00000, 0x0000000781680000, 0x00000007c0000000)
  eden space 304640K, 0% used [0x000000076ab00000,0x000000076ab00000,0x000000077d480000)
  from space 33280K, 44% used [0x000000077f600000,0x00000007804830f0,0x0000000781680000)
  to   space 33792K, 0% used [0x000000077d480000,0x000000077d480000,0x000000077f580000)
 ParOldGen       total 158208K, used 73771K [0x00000006c0000000, 0x00000006c9a80000, 0x000000076ab00000)
  object space 158208K, 46% used [0x00000006c0000000,0x00000006c480ac88,0x00000006c9a80000)
 Metaspace       used 91558K, capacity 96412K, committed 97152K, reserved 1132544K
  class space    used 12262K, capacity 13249K, committed 13440K, reserved 1048576K
}
Event: 366.606 GC heap before
{Heap before GC invocations=27 (full 4):
 PSYoungGen      total 337920K, used 319500K [0x000000076ab00000, 0x0000000781680000, 0x00000007c0000000)
  eden space 304640K, 100% used [0x000000076ab00000,0x000000077d480000,0x000000077d480000)
  from space 33280K, 44% used [0x000000077f600000,0x00000007804830f0,0x0000000781680000)
  to   space 33792K, 0% used [0x000000077d480000,0x000000077d480000,0x000000077f580000)
 ParOldGen       total 158208K, used 73771K [0x00000006c0000000, 0x00000006c9a80000, 0x000000076ab00000)
  object space 158208K, 46% used [0x00000006c0000000,0x00000006c480ac88,0x00000006c9a80000)
 Metaspace       used 94439K, capacity 99592K, committed 99712K, reserved 1134592K
  class space    used 12774K, capacity 13859K, committed 13952K, reserved 1048576K
Event: 366.981 GC heap after
Heap after GC invocations=27 (full 4):
 PSYoungGen      total 338432K, used 33782K [0x000000076ab00000, 0x000000078a080000, 0x00000007c0000000)
  eden space 304640K, 0% used [0x000000076ab00000,0x000000076ab00000,0x000000077d480000)
  from space 33792K, 99% used [0x000000077d480000,0x000000077f57d9c0,0x000000077f580000)
  to   space 60928K, 0% used [0x0000000786500000,0x0000000786500000,0x000000078a080000)
 ParOldGen       total 158208K, used 132506K [0x00000006c0000000, 0x00000006c9a80000, 0x000000076ab00000)
  object space 158208K, 83% used [0x00000006c0000000,0x00000006c8166bb8,0x00000006c9a80000)
 Metaspace       used 94439K, capacity 99592K, committed 99712K, reserved 1134592K
  class space    used 12774K, capacity 13859K, committed 13952K, reserved 1048576K
}
Event: 366.982 GC heap before
{Heap before GC invocations=28 (full 5):
 PSYoungGen      total 338432K, used 33782K [0x000000076ab00000, 0x000000078a080000, 0x00000007c0000000)
  eden space 304640K, 0% used [0x000000076ab00000,0x000000076ab00000,0x000000077d480000)
  from space 33792K, 99% used [0x000000077d480000,0x000000077f57d9c0,0x000000077f580000)
  to   space 60928K, 0% used [0x0000000786500000,0x0000000786500000,0x000000078a080000)
 ParOldGen       total 158208K, used 132506K [0x00000006c0000000, 0x00000006c9a80000, 0x000000076ab00000)
  object space 158208K, 83% used [0x00000006c0000000,0x00000006c8166bb8,0x00000006c9a80000)
 Metaspace       used 94439K, capacity 99592K, committed 99712K, reserved 1134592K
  class space    used 12774K, capacity 13859K, committed 13952K, reserved 1048576K
Event: 368.101 GC heap after
Heap after GC invocations=28 (full 5):
 PSYoungGen      total 338432K, used 0K [0x000000076ab00000, 0x000000078a080000, 0x00000007c0000000)
  eden space 304640K, 0% used [0x000000076ab00000,0x000000076ab00000,0x000000077d480000)
  from space 33792K, 0% used [0x000000077d480000,0x000000077d480000,0x000000077f580000)
  to   space 60928K, 0% used [0x0000000786500000,0x0000000786500000,0x000000078a080000)
 ParOldGen       total 158208K, used 157735K [0x00000006c0000000, 0x00000006c9a80000, 0x000000076ab00000)
  object space 158208K, 99% used [0x00000006c0000000,0x00000006c9a09ef8,0x00000006c9a80000)
 Metaspace       used 94404K, capacity 99488K, committed 99712K, reserved 1134592K
  class space    used 12761K, capacity 13837K, committed 13952K, reserved 1048576K
}

